# JRE version: OpenJDK Runtime Environment (11.0.10) (build 11.0.10+0-b96-7249189)
# Java VM: OpenJDK 64-Bit Server VM (11.0.10+0-b96-7249189, mixed mode, tiered, compressed oops, g1 gc, windows-amd64)
Heap:
 garbage-first heap   total 163840K, used 92530K [0x0000000080000000, 0x0000000100000000)
  region size 1024K, 18 young (18432K), 4 survivors (4096K)
 Metaspace       used 88730K, capacity 90916K, committed 91084K, reserved 1128448K
  class space    used 11348K, capacity 12144K, committed 12236K, reserved 1048576K
GC Heap History (20 events):
Event: 17.748 GC heap before
{Heap before GC invocations=12 (full 0):
 garbage-first heap   total 163840K, used 105654K [0x0000000080000000, 0x0000000100000000)
  region size 1024K, 62 young (63488K), 3 survivors (3072K)
 Metaspace       used 63268K, capacity 64848K, committed 64972K, reserved 1105920K
  class space    used 8059K, capacity 8625K, committed 8652K, reserved 1048576K
}
Event: 17.760 GC heap after
{Heap after GC invocations=13 (full 0):
 garbage-first heap   total 163840K, used 49776K [0x0000000080000000, 0x0000000100000000)
  region size 1024K, 7 young (7168K), 7 survivors (7168K)
 Metaspace       used 63268K, capacity 64848K, committed 64972K, reserved 1105920K
  class space    used 8059K, capacity 8625K, committed 8652K, reserved 1048576K
}
Event: 18.795 GC heap before
{Heap before GC invocations=14 (full 0):
 garbage-first heap   total 163840K, used 111216K [0x0000000080000000, 0x0000000100000000)
  region size 1024K, 67 young (68608K), 7 survivors (7168K)
 Metaspace       used 68986K, capacity 70701K, committed 70860K, reserved 1110016K
  class space    used 8943K, capacity 9541K, committed 9676K, reserved 1048576K
}
Event: 18.803 GC heap after
{Heap after GC invocations=15 (full 0):
 garbage-first heap   total 163840K, used 54301K [0x0000000080000000, 0x0000000100000000)
  region size 1024K, 5 young (5120K), 5 survivors (5120K)
 Metaspace       used 68986K, capacity 70701K, committed 70860K, reserved 1110016K
  class space    used 8943K, capacity 9541K, committed 9676K, reserved 1048576K
}
Event: 19.898 GC heap before
{Heap before GC invocations=15 (full 0):
 garbage-first heap   total 163840K, used 115741K [0x0000000080000000, 0x0000000100000000)
  region size 1024K, 65 young (66560K), 5 survivors (5120K)
 Metaspace       used 75635K, capacity 77498K, committed 77644K, reserved 1116160K
  class space    used 9855K, capacity 10506K, committed 10572K, reserved 1048576K
}
Event: 19.904 GC heap after
{Heap after GC invocations=16 (full 0):
 garbage-first heap   total 163840K, used 57566K [0x0000000080000000, 0x0000000100000000)
  region size 1024K, 8 young (8192K), 8 survivors (8192K)
 Metaspace       used 75635K, capacity 77498K, committed 77644K, reserved 1116160K
  class space    used 9855K, capacity 10506K, committed 10572K, reserved 1048576K
}
Event: 21.439 GC heap before
{Heap before GC invocations=16 (full 0):
 garbage-first heap   total 163840K, used 119006K [0x0000000080000000, 0x0000000100000000)
  region size 1024K, 69 young (70656K), 8 survivors (8192K)
 Metaspace       used 78472K, capacity 80470K, committed 80716K, reserved 1118208K
  class space    used 10280K, capacity 11026K, committed 11084K, reserved 1048576K
}
Event: 21.450 GC heap after
{Heap after GC invocations=17 (full 0):
 garbage-first heap   total 163840K, used 62633K [0x0000000080000000, 0x0000000100000000)
  region size 1024K, 9 young (9216K), 9 survivors (9216K)
 Metaspace       used 78472K, capacity 80470K, committed 80716K, reserved 1118208K
  class space    used 10280K, capacity 11026K, committed 11084K, reserved 1048576K
}
Event: 22.341 GC heap before
{Heap before GC invocations=17 (full 0):
 garbage-first heap   total 163840K, used 139433K [0x0000000080000000, 0x0000000100000000)
  region size 1024K, 68 young (69632K), 9 survivors (9216K)
 Metaspace       used 80900K, capacity 82905K, committed 83020K, reserved 1120256K
  class space    used 10512K, capacity 11256K, committed 11340K, reserved 1048576K
}
Event: 22.356 GC heap after
{Heap after GC invocations=18 (full 0):
 garbage-first heap   total 163840K, used 76018K [0x0000000080000000, 0x0000000100000000)
  region size 1024K, 9 young (9216K), 9 survivors (9216K)
 Metaspace       used 80900K, capacity 82905K, committed 83020K, reserved 1120256K
  class space    used 10512K, capacity 11256K, committed 11340K, reserved 1048576K
}
Event: 23.382 GC heap before
{Heap before GC invocations=18 (full 0):
 garbage-first heap   total 163840K, used 122098K [0x0000000080000000, 0x0000000100000000)
  region size 1024K, 55 young (56320K), 9 survivors (9216K)
 Metaspace       used 83262K, capacity 85376K, committed 85580K, reserved 1124352K
  class space    used 10728K, capacity 11519K, committed 11596K, reserved 1048576K
}
Event: 23.393 GC heap after
{Heap after GC invocations=19 (full 0):
 garbage-first heap   total 163840K, used 80018K [0x0000000080000000, 0x0000000100000000)
  region size 1024K, 4 young (4096K), 4 survivors (4096K)
 Metaspace       used 83262K, capacity 85376K, committed 85580K, reserved 1124352K
  class space    used 10728K, capacity 11519K, committed 11596K, reserved 1048576K
}
Event: 23.990 GC heap before
{Heap before GC invocations=19 (full 0):
 garbage-first heap   total 163840K, used 125074K [0x0000000080000000, 0x0000000100000000)
  region size 1024K, 49 young (50176K), 4 survivors (4096K)
 Metaspace       used 84583K, capacity 86741K, committed 86988K, reserved 1124352K
  class space    used 10885K, capacity 11697K, committed 11724K, reserved 1048576K
}
Event: 23.999 GC heap after
{Heap after GC invocations=20 (full 0):
 garbage-first heap   total 163840K, used 81324K [0x0000000080000000, 0x0000000100000000)
  region size 1024K, 5 young (5120K), 5 survivors (5120K)
 Metaspace       used 84583K, capacity 86741K, committed 86988K, reserved 1124352K
  class space    used 10885K, capacity 11697K, committed 11724K, reserved 1048576K
}
Event: 24.831 GC heap before
{Heap before GC invocations=21 (full 0):
 garbage-first heap   total 163840K, used 123308K [0x0000000080000000, 0x0000000100000000)
  region size 1024K, 51 young (52224K), 5 survivors (5120K)
 Metaspace       used 87476K, capacity 89582K, committed 89932K, reserved 1126400K
  class space    used 11217K, capacity 12000K, committed 12108K, reserved 1048576K
}
Event: 24.839 GC heap after
{Heap after GC invocations=22 (full 0):
 garbage-first heap   total 163840K, used 80379K [0x0000000080000000, 0x0000000100000000)
  region size 1024K, 6 young (6144K), 6 survivors (6144K)
 Metaspace       used 87476K, capacity 89582K, committed 89932K, reserved 1126400K
  class space    used 11217K, capacity 12000K, committed 12108K, reserved 1048576K
}
Event: 27.600 GC heap before
{Heap before GC invocations=22 (full 0):
 garbage-first heap   total 163840K, used 82427K [0x0000000080000000, 0x0000000100000000)
  region size 1024K, 8 young (8192K), 6 survivors (6144K)
 Metaspace       used 87824K, capacity 89953K, committed 90188K, reserved 1128448K
  class space    used 11260K, capacity 12039K, committed 12108K, reserved 1048576K
}
Event: 27.608 GC heap after
{Heap after GC invocations=23 (full 0):
 garbage-first heap   total 163840K, used 77705K [0x0000000080000000, 0x0000000100000000)
  region size 1024K, 1 young (1024K), 1 survivors (1024K)
 Metaspace       used 87824K, capacity 89953K, committed 90188K, reserved 1128448K
  class space    used 11260K, capacity 12039K, committed 12108K, reserved 1048576K
}
Event: 28.216 GC heap before
{Heap before GC invocations=23 (full 0):
 garbage-first heap   total 163840K, used 125833K [0x0000000080000000, 0x0000000100000000)
  region size 1024K, 49 young (50176K), 1 survivors (1024K)
 Metaspace       used 88639K, capacity 90755K, committed 91084K, reserved 1128448K
  class space    used 11344K, capacity 12112K, committed 12236K, reserved 1048576K
}
Event: 28.223 GC heap after
{Heap after GC invocations=24 (full 0):
 garbage-first heap   total 163840K, used 80242K [0x0000000080000000, 0x0000000100000000)
  region size 1024K, 4 young (4096K), 4 survivors (4096K)
 Metaspace       used 88639K, capacity 90755K, committed 91084K, reserved 1128448K
  class space    used 11344K, capacity 12112K, committed 12236K, reserved 1048576K
}

